{"/Volumes/ssd/conozca-monorepo/apps/api/src/app.controller.ts": {"path":"/Volumes/ssd/conozca-monorepo/apps/api/src/app.controller.ts","statementMap":{"0":{"start":{"line":1,"column":0},"end":{"line":1,"column":49}},"1":{"start":{"line":2,"column":0},"end":{"line":2,"column":43}},"2":{"start":{"line":5,"column":7},"end":{"line":12,"column":null}},"3":{"start":{"line":6,"column":31},"end":{"line":6,"column":43}},"4":{"start":{"line":10,"column":2},"end":{"line":10,"column":42}},"5":{"start":{"line":5,"column":13},"end":{"line":5,"column":26}},"6":{"start":{"line":9,"column":10},"end":{"line":11,"column":null}},"7":{"start":{"line":5,"column":13},"end":{"line":12,"column":null}}},"fnMap":{"0":{"name":"(anonymous_2)","decl":{"start":{"line":6,"column":2},"end":{"line":6,"column":31}},"loc":{"start":{"line":6,"column":53},"end":{"line":6,"column":57}}},"1":{"name":"(anonymous_3)","decl":{"start":{"line":9,"column":10},"end":{"line":9,"column":18}},"loc":{"start":{"line":9,"column":18},"end":{"line":11,"column":1}}}},"branchMap":{"0":{"loc":{"start":{"line":9,"column":22},"end":{"line":9,"column":null}},"type":"cond-expr","locations":[{"start":{"line":9,"column":29},"end":{"line":9,"column":null}},{"start":{"line":9,"column":29},"end":{"line":9,"column":null}}]},"1":{"loc":{"start":{"line":9,"column":22},"end":{"line":9,"column":29}},"type":"binary-expr","locations":[{"start":{"line":9,"column":22},"end":{"line":9,"column":null}},{"start":{"line":9,"column":22},"end":{"line":9,"column":29}}]},"2":{"loc":{"start":{"line":6,"column":43},"end":{"line":6,"column":56}},"type":"cond-expr","locations":[{"start":{"line":6,"column":53},"end":{"line":6,"column":56}},{"start":{"line":6,"column":53},"end":{"line":6,"column":56}}]},"3":{"loc":{"start":{"line":6,"column":43},"end":{"line":6,"column":53}},"type":"binary-expr","locations":[{"start":{"line":6,"column":43},"end":{"line":6,"column":56}},{"start":{"line":6,"column":43},"end":{"line":6,"column":53}}]}},"s":{"0":1,"1":1,"2":1,"3":0,"4":0,"5":1,"6":1,"7":1},"f":{"0":0,"1":0},"b":{"0":[1,0],"1":[1,1],"2":[1,0],"3":[1,1]}}
,"/Volumes/ssd/conozca-monorepo/apps/api/src/app.module.ts": {"path":"/Volumes/ssd/conozca-monorepo/apps/api/src/app.module.ts","statementMap":{"0":{"start":{"line":1,"column":0},"end":{"line":1,"column":40}},"1":{"start":{"line":2,"column":0},"end":{"line":2,"column":46}},"2":{"start":{"line":3,"column":0},"end":{"line":3,"column":49}},"3":{"start":{"line":4,"column":0},"end":{"line":4,"column":43}},"4":{"start":{"line":5,"column":0},"end":{"line":5,"column":49}},"5":{"start":{"line":6,"column":0},"end":{"line":6,"column":48}},"6":{"start":{"line":16,"column":7},"end":{"line":16,"column":null}},"7":{"start":{"line":16,"column":13},"end":{"line":16,"column":22}},"8":{"start":{"line":16,"column":13},"end":{"line":16,"column":null}}},"fnMap":{},"branchMap":{},"s":{"0":0,"1":0,"2":0,"3":0,"4":0,"5":0,"6":0,"7":0,"8":0},"f":{},"b":{}}
,"/Volumes/ssd/conozca-monorepo/apps/api/src/app.service.ts": {"path":"/Volumes/ssd/conozca-monorepo/apps/api/src/app.service.ts","statementMap":{"0":{"start":{"line":1,"column":0},"end":{"line":1,"column":44}},"1":{"start":{"line":2,"column":0},"end":{"line":2,"column":49}},"2":{"start":{"line":11,"column":7},"end":{"line":23,"column":null}},"3":{"start":{"line":12,"column":22},"end":{"line":12,"column":30}},"4":{"start":{"line":20,"column":22},"end":{"line":20,"column":52}},"5":{"start":{"line":21,"column":4},"end":{"line":21,"column":93}},"6":{"start":{"line":11,"column":13},"end":{"line":11,"column":23}},"7":{"start":{"line":11,"column":13},"end":{"line":23,"column":null}}},"fnMap":{"0":{"name":"(anonymous_2)","decl":{"start":{"line":12,"column":2},"end":{"line":12,"column":22}},"loc":{"start":{"line":12,"column":43},"end":{"line":12,"column":47}}},"1":{"name":"(anonymous_3)","decl":{"start":{"line":19,"column":2},"end":{"line":19,"column":7}},"loc":{"start":{"line":19,"column":16},"end":{"line":22,"column":3}}}},"branchMap":{"0":{"loc":{"start":{"line":12,"column":30},"end":{"line":12,"column":46}},"type":"cond-expr","locations":[{"start":{"line":12,"column":43},"end":{"line":12,"column":46}},{"start":{"line":12,"column":43},"end":{"line":12,"column":46}}]},"1":{"loc":{"start":{"line":12,"column":30},"end":{"line":12,"column":43}},"type":"binary-expr","locations":[{"start":{"line":12,"column":30},"end":{"line":12,"column":46}},{"start":{"line":12,"column":30},"end":{"line":12,"column":43}}]}},"s":{"0":1,"1":1,"2":1,"3":0,"4":0,"5":0,"6":1,"7":1},"f":{"0":0,"1":0},"b":{"0":[1,0],"1":[1,1]}}
,"/Volumes/ssd/conozca-monorepo/apps/api/src/main.ts": {"path":"/Volumes/ssd/conozca-monorepo/apps/api/src/main.ts","statementMap":{"0":{"start":{"line":1,"column":0},"end":{"line":1,"column":43}},"1":{"start":{"line":2,"column":0},"end":{"line":2,"column":41}},"2":{"start":{"line":11,"column":14},"end":{"line":11,"column":49}},"3":{"start":{"line":14,"column":15},"end":{"line":14,"column":39}},"4":{"start":{"line":16,"column":2},"end":{"line":16,"column":25}},"5":{"start":{"line":18,"column":2},"end":{"line":18,"column":62}},"6":{"start":{"line":21,"column":0},"end":{"line":21,"column":12}}},"fnMap":{"0":{"name":"bootstrap","decl":{"start":{"line":10,"column":15},"end":{"line":10,"column":24}},"loc":{"start":{"line":10,"column":24},"end":{"line":19,"column":1}}}},"branchMap":{"0":{"loc":{"start":{"line":14,"column":15},"end":{"line":14,"column":39}},"type":"binary-expr","locations":[{"start":{"line":14,"column":15},"end":{"line":14,"column":31}},{"start":{"line":14,"column":35},"end":{"line":14,"column":39}}]}},"s":{"0":0,"1":0,"2":0,"3":0,"4":0,"5":0,"6":0},"f":{"0":0},"b":{"0":[0,0]}}
,"/Volumes/ssd/conozca-monorepo/apps/api/src/prisma.service.ts": {"path":"/Volumes/ssd/conozca-monorepo/apps/api/src/prisma.service.ts","statementMap":{"0":{"start":{"line":2,"column":0},"end":{"line":2,"column":23}},"1":{"start":{"line":3,"column":0},"end":{"line":3,"column":75}},"2":{"start":{"line":4,"column":0},"end":{"line":4,"column":49}},"3":{"start":{"line":5,"column":0},"end":{"line":5,"column":46}},"4":{"start":{"line":6,"column":0},"end":{"line":6,"column":26}},"5":{"start":{"line":19,"column":7},"end":{"line":56,"column":null}},"6":{"start":{"line":22,"column":29},"end":{"line":22,"column":53}},"7":{"start":{"line":24,"column":4},"end":{"line":29,"column":5}},"8":{"start":{"line":25,"column":6},"end":{"line":28,"column":8}},"9":{"start":{"line":32,"column":17},"end":{"line":32,"column":47}},"10":{"start":{"line":35,"column":20},"end":{"line":35,"column":38}},"11":{"start":{"line":38,"column":4},"end":{"line":38,"column":23}},"12":{"start":{"line":46,"column":4},"end":{"line":46,"column":26}},"13":{"start":{"line":54,"column":4},"end":{"line":54,"column":29}},"14":{"start":{"line":19,"column":13},"end":{"line":19,"column":26}},"15":{"start":{"line":19,"column":13},"end":{"line":56,"column":null}}},"fnMap":{"0":{"name":"(anonymous_2)","decl":{"start":{"line":20,"column":2},"end":{"line":20,"column":null}},"loc":{"start":{"line":20,"column":2},"end":{"line":39,"column":3}}},"1":{"name":"(anonymous_3)","decl":{"start":{"line":45,"column":2},"end":{"line":45,"column":7}},"loc":{"start":{"line":45,"column":20},"end":{"line":47,"column":3}}},"2":{"name":"(anonymous_4)","decl":{"start":{"line":53,"column":2},"end":{"line":53,"column":7}},"loc":{"start":{"line":53,"column":23},"end":{"line":55,"column":3}}}},"branchMap":{"0":{"loc":{"start":{"line":24,"column":4},"end":{"line":29,"column":5}},"type":"if","locations":[{"start":{"line":24,"column":4},"end":{"line":29,"column":5}},{"start":{},"end":{}}]}},"s":{"0":3,"1":3,"2":3,"3":3,"4":3,"5":3,"6":0,"7":0,"8":0,"9":0,"10":0,"11":0,"12":0,"13":0,"14":3,"15":3},"f":{"0":0,"1":0,"2":0},"b":{"0":[0,0]}}
,"/Volumes/ssd/conozca-monorepo/apps/api/src/auth/auth.controller.ts": {"path":"/Volumes/ssd/conozca-monorepo/apps/api/src/auth/auth.controller.ts","statementMap":{"0":{"start":{"line":1,"column":0},"end":{"line":1,"column":76}},"1":{"start":{"line":2,"column":0},"end":{"line":2,"column":45}},"2":{"start":{"line":3,"column":0},"end":{"line":3,"column":122}},"3":{"start":{"line":4,"column":0},"end":{"line":4,"column":41}},"4":{"start":{"line":18,"column":7},"end":{"line":137,"column":null}},"5":{"start":{"line":19,"column":22},"end":{"line":19,"column":35}},"6":{"start":{"line":39,"column":4},"end":{"line":39,"column":50}},"7":{"start":{"line":59,"column":4},"end":{"line":59,"column":44}},"8":{"start":{"line":78,"column":4},"end":{"line":78,"column":67}},"9":{"start":{"line":96,"column":4},"end":{"line":96,"column":37}},"10":{"start":{"line":115,"column":4},"end":{"line":115,"column":62}},"11":{"start":{"line":135,"column":4},"end":{"line":135,"column":60}},"12":{"start":{"line":18,"column":13},"end":{"line":18,"column":27}},"13":{"start":{"line":38,"column":8},"end":{"line":40,"column":null}},"14":{"start":{"line":58,"column":8},"end":{"line":60,"column":null}},"15":{"start":{"line":77,"column":8},"end":{"line":79,"column":null}},"16":{"start":{"line":95,"column":8},"end":{"line":97,"column":null}},"17":{"start":{"line":114,"column":8},"end":{"line":116,"column":null}},"18":{"start":{"line":134,"column":8},"end":{"line":136,"column":null}},"19":{"start":{"line":18,"column":13},"end":{"line":137,"column":null}}},"fnMap":{"0":{"name":"(anonymous_4)","decl":{"start":{"line":19,"column":2},"end":{"line":19,"column":22}},"loc":{"start":{"line":19,"column":46},"end":{"line":19,"column":50}}},"1":{"name":"(anonymous_5)","decl":{"start":{"line":38,"column":8},"end":{"line":38,"column":16}},"loc":{"start":{"line":38,"column":49},"end":{"line":40,"column":3}}},"2":{"name":"(anonymous_6)","decl":{"start":{"line":58,"column":8},"end":{"line":58,"column":13}},"loc":{"start":{"line":58,"column":40},"end":{"line":60,"column":3}}},"3":{"name":"(anonymous_7)","decl":{"start":{"line":77,"column":8},"end":{"line":77,"column":15}},"loc":{"start":{"line":77,"column":56},"end":{"line":79,"column":3}}},"4":{"name":"(anonymous_8)","decl":{"start":{"line":95,"column":8},"end":{"line":95,"column":14}},"loc":{"start":{"line":95,"column":34},"end":{"line":97,"column":3}}},"5":{"name":"(anonymous_9)","decl":{"start":{"line":114,"column":8},"end":{"line":114,"column":22}},"loc":{"start":{"line":114,"column":67},"end":{"line":116,"column":3}}},"6":{"name":"(anonymous_10)","decl":{"start":{"line":134,"column":8},"end":{"line":134,"column":21}},"loc":{"start":{"line":134,"column":64},"end":{"line":136,"column":3}}}},"branchMap":{"0":{"loc":{"start":{"line":38,"column":38},"end":{"line":38,"column":52}},"type":"cond-expr","locations":[{"start":{"line":38,"column":49},"end":{"line":38,"column":52}},{"start":{"line":38,"column":49},"end":{"line":38,"column":52}}]},"1":{"loc":{"start":{"line":38,"column":38},"end":{"line":38,"column":49}},"type":"binary-expr","locations":[{"start":{"line":38,"column":38},"end":{"line":38,"column":52}},{"start":{"line":38,"column":38},"end":{"line":38,"column":49}}]},"2":{"loc":{"start":{"line":38,"column":52},"end":{"line":38,"column":null}},"type":"cond-expr","locations":[{"start":{"line":38,"column":59},"end":{"line":38,"column":null}},{"start":{"line":38,"column":59},"end":{"line":38,"column":null}}]},"3":{"loc":{"start":{"line":38,"column":52},"end":{"line":38,"column":59}},"type":"binary-expr","locations":[{"start":{"line":38,"column":52},"end":{"line":38,"column":null}},{"start":{"line":38,"column":52},"end":{"line":38,"column":59}}]},"4":{"loc":{"start":{"line":58,"column":32},"end":{"line":58,"column":43}},"type":"cond-expr","locations":[{"start":{"line":58,"column":40},"end":{"line":58,"column":43}},{"start":{"line":58,"column":40},"end":{"line":58,"column":43}}]},"5":{"loc":{"start":{"line":58,"column":32},"end":{"line":58,"column":40}},"type":"binary-expr","locations":[{"start":{"line":58,"column":32},"end":{"line":58,"column":43}},{"start":{"line":58,"column":32},"end":{"line":58,"column":40}}]},"6":{"loc":{"start":{"line":58,"column":43},"end":{"line":58,"column":null}},"type":"cond-expr","locations":[{"start":{"line":58,"column":50},"end":{"line":58,"column":null}},{"start":{"line":58,"column":50},"end":{"line":58,"column":null}}]},"7":{"loc":{"start":{"line":58,"column":43},"end":{"line":58,"column":50}},"type":"binary-expr","locations":[{"start":{"line":58,"column":43},"end":{"line":58,"column":null}},{"start":{"line":58,"column":43},"end":{"line":58,"column":50}}]},"8":{"loc":{"start":{"line":77,"column":41},"end":{"line":77,"column":59}},"type":"cond-expr","locations":[{"start":{"line":77,"column":56},"end":{"line":77,"column":59}},{"start":{"line":77,"column":56},"end":{"line":77,"column":59}}]},"9":{"loc":{"start":{"line":77,"column":41},"end":{"line":77,"column":56}},"type":"binary-expr","locations":[{"start":{"line":77,"column":41},"end":{"line":77,"column":59}},{"start":{"line":77,"column":41},"end":{"line":77,"column":56}}]},"10":{"loc":{"start":{"line":77,"column":59},"end":{"line":77,"column":null}},"type":"cond-expr","locations":[{"start":{"line":77,"column":66},"end":{"line":77,"column":null}},{"start":{"line":77,"column":66},"end":{"line":77,"column":null}}]},"11":{"loc":{"start":{"line":77,"column":59},"end":{"line":77,"column":66}},"type":"binary-expr","locations":[{"start":{"line":77,"column":59},"end":{"line":77,"column":null}},{"start":{"line":77,"column":59},"end":{"line":77,"column":66}}]},"12":{"loc":{"start":{"line":95,"column":37},"end":{"line":95,"column":null}},"type":"cond-expr","locations":[{"start":{"line":95,"column":44},"end":{"line":95,"column":null}},{"start":{"line":95,"column":44},"end":{"line":95,"column":null}}]},"13":{"loc":{"start":{"line":95,"column":37},"end":{"line":95,"column":44}},"type":"binary-expr","locations":[{"start":{"line":95,"column":37},"end":{"line":95,"column":null}},{"start":{"line":95,"column":37},"end":{"line":95,"column":44}}]},"14":{"loc":{"start":{"line":114,"column":50},"end":{"line":114,"column":70}},"type":"cond-expr","locations":[{"start":{"line":114,"column":67},"end":{"line":114,"column":70}},{"start":{"line":114,"column":67},"end":{"line":114,"column":70}}]},"15":{"loc":{"start":{"line":114,"column":50},"end":{"line":114,"column":67}},"type":"binary-expr","locations":[{"start":{"line":114,"column":50},"end":{"line":114,"column":70}},{"start":{"line":114,"column":50},"end":{"line":114,"column":67}}]},"16":{"loc":{"start":{"line":114,"column":70},"end":{"line":114,"column":null}},"type":"cond-expr","locations":[{"start":{"line":114,"column":77},"end":{"line":114,"column":null}},{"start":{"line":114,"column":77},"end":{"line":114,"column":null}}]},"17":{"loc":{"start":{"line":114,"column":70},"end":{"line":114,"column":77}},"type":"binary-expr","locations":[{"start":{"line":114,"column":70},"end":{"line":114,"column":null}},{"start":{"line":114,"column":70},"end":{"line":114,"column":77}}]},"18":{"loc":{"start":{"line":134,"column":48},"end":{"line":134,"column":67}},"type":"cond-expr","locations":[{"start":{"line":134,"column":64},"end":{"line":134,"column":67}},{"start":{"line":134,"column":64},"end":{"line":134,"column":67}}]},"19":{"loc":{"start":{"line":134,"column":48},"end":{"line":134,"column":64}},"type":"binary-expr","locations":[{"start":{"line":134,"column":48},"end":{"line":134,"column":67}},{"start":{"line":134,"column":48},"end":{"line":134,"column":64}}]},"20":{"loc":{"start":{"line":134,"column":67},"end":{"line":134,"column":null}},"type":"cond-expr","locations":[{"start":{"line":134,"column":74},"end":{"line":134,"column":null}},{"start":{"line":134,"column":74},"end":{"line":134,"column":null}}]},"21":{"loc":{"start":{"line":134,"column":67},"end":{"line":134,"column":74}},"type":"binary-expr","locations":[{"start":{"line":134,"column":67},"end":{"line":134,"column":null}},{"start":{"line":134,"column":67},"end":{"line":134,"column":74}}]},"22":{"loc":{"start":{"line":19,"column":35},"end":{"line":19,"column":49}},"type":"cond-expr","locations":[{"start":{"line":19,"column":46},"end":{"line":19,"column":49}},{"start":{"line":19,"column":46},"end":{"line":19,"column":49}}]},"23":{"loc":{"start":{"line":19,"column":35},"end":{"line":19,"column":46}},"type":"binary-expr","locations":[{"start":{"line":19,"column":35},"end":{"line":19,"column":49}},{"start":{"line":19,"column":35},"end":{"line":19,"column":46}}]}},"s":{"0":1,"1":1,"2":1,"3":1,"4":1,"5":32,"6":14,"7":21,"8":6,"9":5,"10":8,"11":11,"12":1,"13":1,"14":1,"15":1,"16":1,"17":1,"18":1,"19":1},"f":{"0":32,"1":14,"2":21,"3":6,"4":5,"5":8,"6":11},"b":{"0":[1,0],"1":[1,1],"2":[1,0],"3":[1,1],"4":[1,0],"5":[1,1],"6":[1,0],"7":[1,1],"8":[1,0],"9":[1,1],"10":[1,0],"11":[1,1],"12":[1,0],"13":[1,1],"14":[1,0],"15":[1,1],"16":[1,0],"17":[1,1],"18":[1,0],"19":[1,1],"20":[1,0],"21":[1,1],"22":[1,0],"23":[1,1]}}
,"/Volumes/ssd/conozca-monorepo/apps/api/src/auth/auth.dto.ts": {"path":"/Volumes/ssd/conozca-monorepo/apps/api/src/auth/auth.dto.ts","statementMap":{"0":{"start":{"line":5,"column":0},"end":{"line":5,"column":13}},"1":{"start":{"line":11,"column":0},"end":{"line":11,"column":13}},"2":{"start":{"line":16,"column":0},"end":{"line":16,"column":13}},"3":{"start":{"line":27,"column":0},"end":{"line":27,"column":13}},"4":{"start":{"line":31,"column":0},"end":{"line":31,"column":13}},"5":{"start":{"line":35,"column":0},"end":{"line":35,"column":13}}},"fnMap":{},"branchMap":{},"s":{"0":1,"1":1,"2":1,"3":1,"4":1,"5":1},"f":{},"b":{}}
,"/Volumes/ssd/conozca-monorepo/apps/api/src/auth/auth.guard.ts": {"path":"/Volumes/ssd/conozca-monorepo/apps/api/src/auth/auth.guard.ts","statementMap":{"0":{"start":{"line":1,"column":0},"end":{"line":1,"column":44}},"1":{"start":{"line":2,"column":0},"end":{"line":2,"column":66}},"2":{"start":{"line":11,"column":7},"end":{"line":11,"column":null}},"3":{"start":{"line":11,"column":13},"end":{"line":11,"column":22}},"4":{"start":{"line":11,"column":13},"end":{"line":11,"column":null}}},"fnMap":{},"branchMap":{},"s":{"0":1,"1":1,"2":1,"3":1,"4":1},"f":{},"b":{}}
,"/Volumes/ssd/conozca-monorepo/apps/api/src/auth/auth.module.ts": {"path":"/Volumes/ssd/conozca-monorepo/apps/api/src/auth/auth.module.ts","statementMap":{"0":{"start":{"line":1,"column":0},"end":{"line":1,"column":40}},"1":{"start":{"line":2,"column":0},"end":{"line":2,"column":40}},"2":{"start":{"line":3,"column":0},"end":{"line":3,"column":50}},"3":{"start":{"line":4,"column":0},"end":{"line":4,"column":45}},"4":{"start":{"line":5,"column":0},"end":{"line":5,"column":51}},"5":{"start":{"line":6,"column":0},"end":{"line":6,"column":45}},"6":{"start":{"line":7,"column":0},"end":{"line":7,"column":50}},"7":{"start":{"line":34,"column":7},"end":{"line":34,"column":null}},"8":{"start":{"line":34,"column":13},"end":{"line":34,"column":23}},"9":{"start":{"line":34,"column":13},"end":{"line":34,"column":null}}},"fnMap":{},"branchMap":{"0":{"loc":{"start":{"line":26,"column":14},"end":{"line":26,"column":48}},"type":"binary-expr","locations":[{"start":{"line":26,"column":14},"end":{"line":26,"column":36}},{"start":{"line":26,"column":40},"end":{"line":26,"column":48}}]}},"s":{"0":0,"1":0,"2":0,"3":0,"4":0,"5":0,"6":0,"7":0,"8":0,"9":0},"f":{},"b":{"0":[0,0]}}
,"/Volumes/ssd/conozca-monorepo/apps/api/src/auth/auth.service.ts": {"path":"/Volumes/ssd/conozca-monorepo/apps/api/src/auth/auth.service.ts","statementMap":{"0":{"start":{"line":1,"column":0},"end":{"line":1,"column":86}},"1":{"start":{"line":2,"column":0},"end":{"line":2,"column":41}},"2":{"start":{"line":3,"column":0},"end":{"line":3,"column":50}},"3":{"start":{"line":5,"column":0},"end":{"line":5,"column":33}},"4":{"start":{"line":17,"column":7},"end":{"line":310,"column":null}},"5":{"start":{"line":19,"column":12},"end":{"line":19,"column":20}},"6":{"start":{"line":20,"column":12},"end":{"line":20,"column":24}},"7":{"start":{"line":31,"column":38},"end":{"line":31,"column":49}},"8":{"start":{"line":34,"column":25},"end":{"line":36,"column":6}},"9":{"start":{"line":38,"column":4},"end":{"line":40,"column":5}},"10":{"start":{"line":39,"column":6},"end":{"line":39,"column":65}},"11":{"start":{"line":43,"column":27},"end":{"line":43,"column":58}},"12":{"start":{"line":46,"column":17},"end":{"line":53,"column":6}},"13":{"start":{"line":56,"column":19},"end":{"line":56,"column":70}},"14":{"start":{"line":58,"column":4},"end":{"line":67,"column":6}},"15":{"start":{"line":78,"column":32},"end":{"line":78,"column":40}},"16":{"start":{"line":81,"column":17},"end":{"line":83,"column":6}},"17":{"start":{"line":85,"column":4},"end":{"line":87,"column":5}},"18":{"start":{"line":86,"column":6},"end":{"line":86,"column":70}},"19":{"start":{"line":90,"column":28},"end":{"line":90,"column":73}},"20":{"start":{"line":92,"column":4},"end":{"line":94,"column":5}},"21":{"start":{"line":93,"column":6},"end":{"line":93,"column":70}},"22":{"start":{"line":97,"column":19},"end":{"line":97,"column":70}},"23":{"start":{"line":99,"column":4},"end":{"line":108,"column":6}},"24":{"start":{"line":119,"column":4},"end":{"line":149,"column":5}},"25":{"start":{"line":121,"column":22},"end":{"line":123,"column":8}},"26":{"start":{"line":126,"column":19},"end":{"line":128,"column":8}},"27":{"start":{"line":130,"column":6},"end":{"line":132,"column":7}},"28":{"start":{"line":131,"column":8},"end":{"line":131,"column":65}},"29":{"start":{"line":135,"column":21},"end":{"line":135,"column":72}},"30":{"start":{"line":137,"column":6},"end":{"line":146,"column":8}},"31":{"start":{"line":148,"column":6},"end":{"line":148,"column":64}},"32":{"start":{"line":160,"column":4},"end":{"line":166,"column":5}},"33":{"start":{"line":161,"column":6},"end":{"line":163,"column":9}},"34":{"start":{"line":165,"column":6},"end":{"line":165,"column":56}},"35":{"start":{"line":183,"column":20},"end":{"line":183,"column":48}},"36":{"start":{"line":186,"column":25},"end":{"line":189,"column":6}},"37":{"start":{"line":192,"column":26},"end":{"line":195,"column":6}},"38":{"start":{"line":197,"column":4},"end":{"line":197,"column":43}},"39":{"start":{"line":208,"column":22},"end":{"line":208,"column":39}},"40":{"start":{"line":211,"column":17},"end":{"line":213,"column":6}},"41":{"start":{"line":215,"column":4},"end":{"line":220,"column":5}},"42":{"start":{"line":217,"column":6},"end":{"line":219,"column":8}},"43":{"start":{"line":223,"column":23},"end":{"line":228,"column":null}},"44":{"start":{"line":232,"column":30},"end":{"line":232,"column":71}},"45":{"start":{"line":234,"column":4},"end":{"line":240,"column":7}},"46":{"start":{"line":245,"column":4},"end":{"line":247,"column":6}},"47":{"start":{"line":258,"column":32},"end":{"line":258,"column":48}},"48":{"start":{"line":260,"column":4},"end":{"line":296,"column":5}},"49":{"start":{"line":262,"column":22},"end":{"line":264,"column":8}},"50":{"start":{"line":267,"column":19},"end":{"line":269,"column":8}},"51":{"start":{"line":271,"column":6},"end":{"line":273,"column":7}},"52":{"start":{"line":272,"column":8},"end":{"line":272,"column":67}},"53":{"start":{"line":276,"column":6},"end":{"line":278,"column":7}},"54":{"start":{"line":277,"column":8},"end":{"line":277,"column":67}},"55":{"start":{"line":281,"column":29},"end":{"line":281,"column":60}},"56":{"start":{"line":284,"column":6},"end":{"line":291,"column":9}},"57":{"start":{"line":293,"column":6},"end":{"line":293,"column":64}},"58":{"start":{"line":295,"column":6},"end":{"line":295,"column":103}},"59":{"start":{"line":306,"column":4},"end":{"line":308,"column":6}},"60":{"start":{"line":17,"column":13},"end":{"line":17,"column":24}},"61":{"start":{"line":17,"column":13},"end":{"line":310,"column":null}}},"fnMap":{"0":{"name":"(anonymous_11)","decl":{"start":{"line":18,"column":2},"end":{"line":18,"column":null}},"loc":{"start":{"line":20,"column":34},"end":{"line":21,"column":6}}},"1":{"name":"(anonymous_12)","decl":{"start":{"line":30,"column":2},"end":{"line":30,"column":7}},"loc":{"start":{"line":30,"column":41},"end":{"line":68,"column":3}}},"2":{"name":"(anonymous_13)","decl":{"start":{"line":77,"column":2},"end":{"line":77,"column":7}},"loc":{"start":{"line":77,"column":32},"end":{"line":109,"column":3}}},"3":{"name":"(anonymous_14)","decl":{"start":{"line":118,"column":2},"end":{"line":118,"column":7}},"loc":{"start":{"line":118,"column":36},"end":{"line":150,"column":3}}},"4":{"name":"(anonymous_15)","decl":{"start":{"line":159,"column":2},"end":{"line":159,"column":7}},"loc":{"start":{"line":159,"column":35},"end":{"line":167,"column":3}}},"5":{"name":"(anonymous_16)","decl":{"start":{"line":178,"column":10},"end":{"line":178,"column":24}},"loc":{"start":{"line":181,"column":16},"end":{"line":198,"column":3}}},"6":{"name":"(anonymous_17)","decl":{"start":{"line":207,"column":2},"end":{"line":207,"column":7}},"loc":{"start":{"line":207,"column":59},"end":{"line":248,"column":3}}},"7":{"name":"(anonymous_18)","decl":{"start":{"line":257,"column":2},"end":{"line":257,"column":7}},"loc":{"start":{"line":257,"column":75},"end":{"line":297,"column":3}}},"8":{"name":"(anonymous_19)","decl":{"start":{"line":305,"column":2},"end":{"line":305,"column":7}},"loc":{"start":{"line":305,"column":14},"end":{"line":309,"column":3}}}},"branchMap":{"0":{"loc":{"start":{"line":38,"column":4},"end":{"line":40,"column":5}},"type":"if","locations":[{"start":{"line":38,"column":4},"end":{"line":40,"column":5}},{"start":{},"end":{}}]},"1":{"loc":{"start":{"line":85,"column":4},"end":{"line":87,"column":5}},"type":"if","locations":[{"start":{"line":85,"column":4},"end":{"line":87,"column":5}},{"start":{},"end":{}}]},"2":{"loc":{"start":{"line":92,"column":4},"end":{"line":94,"column":5}},"type":"if","locations":[{"start":{"line":92,"column":4},"end":{"line":94,"column":5}},{"start":{},"end":{}}]},"3":{"loc":{"start":{"line":122,"column":16},"end":{"line":122,"column":66}},"type":"binary-expr","locations":[{"start":{"line":122,"column":16},"end":{"line":122,"column":46}},{"start":{"line":122,"column":50},"end":{"line":122,"column":66}}]},"4":{"loc":{"start":{"line":130,"column":6},"end":{"line":132,"column":7}},"type":"if","locations":[{"start":{"line":130,"column":6},"end":{"line":132,"column":7}},{"start":{},"end":{}}]},"5":{"loc":{"start":{"line":162,"column":16},"end":{"line":162,"column":50}},"type":"binary-expr","locations":[{"start":{"line":162,"column":16},"end":{"line":162,"column":38}},{"start":{"line":162,"column":42},"end":{"line":162,"column":50}}]},"6":{"loc":{"start":{"line":187,"column":14},"end":{"line":187,"column":48}},"type":"binary-expr","locations":[{"start":{"line":187,"column":14},"end":{"line":187,"column":36}},{"start":{"line":187,"column":40},"end":{"line":187,"column":48}}]},"7":{"loc":{"start":{"line":193,"column":14},"end":{"line":193,"column":64}},"type":"binary-expr","locations":[{"start":{"line":193,"column":14},"end":{"line":193,"column":44}},{"start":{"line":193,"column":48},"end":{"line":193,"column":64}}]},"8":{"loc":{"start":{"line":215,"column":4},"end":{"line":220,"column":5}},"type":"if","locations":[{"start":{"line":215,"column":4},"end":{"line":220,"column":5}},{"start":{},"end":{}}]},"9":{"loc":{"start":{"line":226,"column":16},"end":{"line":226,"column":50}},"type":"binary-expr","locations":[{"start":{"line":226,"column":16},"end":{"line":226,"column":38}},{"start":{"line":226,"column":42},"end":{"line":226,"column":50}}]},"10":{"loc":{"start":{"line":263,"column":16},"end":{"line":263,"column":50}},"type":"binary-expr","locations":[{"start":{"line":263,"column":16},"end":{"line":263,"column":38}},{"start":{"line":263,"column":42},"end":{"line":263,"column":50}}]},"11":{"loc":{"start":{"line":271,"column":6},"end":{"line":273,"column":7}},"type":"if","locations":[{"start":{"line":271,"column":6},"end":{"line":273,"column":7}},{"start":{},"end":{}}]},"12":{"loc":{"start":{"line":271,"column":10},"end":{"line":271,"column":44}},"type":"binary-expr","locations":[{"start":{"line":271,"column":10},"end":{"line":271,"column":15}},{"start":{"line":271,"column":19},"end":{"line":271,"column":44}}]},"13":{"loc":{"start":{"line":276,"column":6},"end":{"line":278,"column":7}},"type":"if","locations":[{"start":{"line":276,"column":6},"end":{"line":278,"column":7}},{"start":{},"end":{}}]},"14":{"loc":{"start":{"line":276,"column":10},"end":{"line":276,"column":72}},"type":"binary-expr","locations":[{"start":{"line":276,"column":10},"end":{"line":276,"column":33}},{"start":{"line":276,"column":37},"end":{"line":276,"column":72}}]},"15":{"loc":{"start":{"line":19,"column":20},"end":{"line":19,"column":null}},"type":"cond-expr","locations":[{"start":{"line":19,"column":33},"end":{"line":19,"column":null}},{"start":{"line":19,"column":33},"end":{"line":19,"column":null}}]},"16":{"loc":{"start":{"line":19,"column":20},"end":{"line":19,"column":33}},"type":"binary-expr","locations":[{"start":{"line":19,"column":20},"end":{"line":19,"column":null}},{"start":{"line":19,"column":20},"end":{"line":19,"column":33}}]},"17":{"loc":{"start":{"line":19,"column":33},"end":{"line":20,"column":null}},"type":"cond-expr","locations":[{"start":{"line":20,"column":34},"end":{"line":20,"column":null}},{"start":{"line":20,"column":34},"end":{"line":20,"column":null}}]},"18":{"loc":{"start":{"line":19,"column":33},"end":{"line":20,"column":34}},"type":"binary-expr","locations":[{"start":{"line":19,"column":33},"end":{"line":20,"column":null}},{"start":{"line":20,"column":24},"end":{"line":20,"column":34}}]}},"s":{"0":2,"1":2,"2":2,"3":2,"4":2,"5":32,"6":32,"7":11,"8":11,"9":11,"10":1,"11":10,"12":10,"13":10,"14":10,"15":2,"16":2,"17":2,"18":2,"19":0,"20":0,"21":0,"22":0,"23":0,"24":4,"25":4,"26":3,"27":3,"28":1,"29":2,"30":2,"31":2,"32":3,"33":3,"34":2,"35":14,"36":14,"37":14,"38":14,"39":3,"40":3,"41":3,"42":1,"43":2,"44":2,"45":2,"46":2,"47":6,"48":6,"49":6,"50":6,"51":6,"52":6,"53":0,"54":0,"55":0,"56":0,"57":0,"58":6,"59":2,"60":2,"61":2},"f":{"0":32,"1":11,"2":2,"3":4,"4":3,"5":14,"6":3,"7":6,"8":2},"b":{"0":[1,10],"1":[2,0],"2":[0,0],"3":[4,0],"4":[1,2],"5":[3,0],"6":[14,0],"7":[14,0],"8":[1,2],"9":[2,0],"10":[6,0],"11":[6,0],"12":[6,5],"13":[0,0],"14":[0,0],"15":[2,0],"16":[2,2],"17":[2,0],"18":[2,2]}}
,"/Volumes/ssd/conozca-monorepo/apps/api/src/auth/jwt.strategy.ts": {"path":"/Volumes/ssd/conozca-monorepo/apps/api/src/auth/jwt.strategy.ts","statementMap":{"0":{"start":{"line":1,"column":0},"end":{"line":1,"column":44}},"1":{"start":{"line":2,"column":0},"end":{"line":2,"column":52}},"2":{"start":{"line":3,"column":0},"end":{"line":3,"column":52}},"3":{"start":{"line":12,"column":7},"end":{"line":34,"column":null}},"4":{"start":{"line":14,"column":4},"end":{"line":18,"column":7}},"5":{"start":{"line":28,"column":4},"end":{"line":32,"column":6}},"6":{"start":{"line":12,"column":13},"end":{"line":12,"column":24}},"7":{"start":{"line":12,"column":13},"end":{"line":34,"column":null}}},"fnMap":{"0":{"name":"(anonymous_2)","decl":{"start":{"line":13,"column":2},"end":{"line":13,"column":null}},"loc":{"start":{"line":13,"column":2},"end":{"line":19,"column":3}}},"1":{"name":"(anonymous_3)","decl":{"start":{"line":27,"column":2},"end":{"line":27,"column":7}},"loc":{"start":{"line":27,"column":29},"end":{"line":33,"column":3}}}},"branchMap":{"0":{"loc":{"start":{"line":17,"column":19},"end":{"line":17,"column":53}},"type":"binary-expr","locations":[{"start":{"line":17,"column":19},"end":{"line":17,"column":41}},{"start":{"line":17,"column":45},"end":{"line":17,"column":53}}]}},"s":{"0":0,"1":0,"2":0,"3":0,"4":0,"5":0,"6":0,"7":0},"f":{"0":0,"1":0},"b":{"0":[0,0]}}
,"/Volumes/ssd/conozca-monorepo/apps/api/src/auth/role.guard.ts": {"path":"/Volumes/ssd/conozca-monorepo/apps/api/src/auth/role.guard.ts","statementMap":{"0":{"start":{"line":1,"column":0},"end":{"line":1,"column":95}},"1":{"start":{"line":10,"column":7},"end":{"line":23,"column":null}},"2":{"start":{"line":11,"column":22},"end":{"line":11,"column":44}},"3":{"start":{"line":14,"column":20},"end":{"line":14,"column":55}},"4":{"start":{"line":15,"column":17},"end":{"line":15,"column":29}},"5":{"start":{"line":17,"column":4},"end":{"line":19,"column":5}},"6":{"start":{"line":18,"column":6},"end":{"line":18,"column":84}},"7":{"start":{"line":21,"column":4},"end":{"line":21,"column":16}},"8":{"start":{"line":10,"column":13},"end":{"line":10,"column":22}},"9":{"start":{"line":10,"column":13},"end":{"line":23,"column":null}}},"fnMap":{"0":{"name":"(anonymous_2)","decl":{"start":{"line":11,"column":2},"end":{"line":11,"column":22}},"loc":{"start":{"line":11,"column":44},"end":{"line":11,"column":48}}},"1":{"name":"(anonymous_3)","decl":{"start":{"line":13,"column":2},"end":{"line":13,"column":13}},"loc":{"start":{"line":13,"column":39},"end":{"line":22,"column":3}}}},"branchMap":{"0":{"loc":{"start":{"line":17,"column":4},"end":{"line":19,"column":5}},"type":"if","locations":[{"start":{"line":17,"column":4},"end":{"line":19,"column":5}},{"start":{},"end":{}}]},"1":{"loc":{"start":{"line":17,"column":8},"end":{"line":17,"column":55}},"type":"binary-expr","locations":[{"start":{"line":17,"column":8},"end":{"line":17,"column":13}},{"start":{"line":17,"column":17},"end":{"line":17,"column":55}}]}},"s":{"0":0,"1":0,"2":0,"3":0,"4":0,"5":0,"6":0,"7":0,"8":0,"9":0},"f":{"0":0,"1":0},"b":{"0":[0,0],"1":[0,0]}}
}
