TN:
SF:src/app.controller.ts
FN:6,(anonymous_2)
FN:9,(anonymous_3)
FNF:2
FNH:0
FNDA:0,(anonymous_2)
FNDA:0,(anonymous_3)
DA:1,1
DA:2,1
DA:5,1
DA:6,0
DA:9,1
DA:10,0
LF:6
LH:4
BRDA:9,0,0,1
BRDA:9,0,1,0
BRDA:9,1,0,1
BRDA:9,1,1,1
BRDA:6,2,0,1
BRDA:6,2,1,0
BRDA:6,3,0,1
BRDA:6,3,1,1
BRF:8
BRH:6
end_of_record
TN:
SF:src/app.module.ts
FNF:0
FNH:0
DA:1,0
DA:2,0
DA:3,0
DA:4,0
DA:5,0
DA:6,0
DA:16,0
LF:7
LH:0
BRF:0
BRH:0
end_of_record
TN:
SF:src/app.service.ts
FN:12,(anonymous_2)
FN:19,(anonymous_3)
FNF:2
FNH:0
FNDA:0,(anonymous_2)
FNDA:0,(anonymous_3)
DA:1,1
DA:2,1
DA:11,1
DA:12,0
DA:20,0
DA:21,0
LF:6
LH:3
BRDA:12,0,0,1
BRDA:12,0,1,0
BRDA:12,1,0,1
BRDA:12,1,1,1
BRF:4
BRH:3
end_of_record
TN:
SF:src/main.ts
FN:10,bootstrap
FNF:1
FNH:0
FNDA:0,bootstrap
DA:1,0
DA:2,0
DA:11,0
DA:14,0
DA:16,0
DA:18,0
DA:21,0
LF:7
LH:0
BRDA:14,0,0,0
BRDA:14,0,1,0
BRF:2
BRH:0
end_of_record
TN:
SF:src/prisma.service.ts
FN:20,(anonymous_2)
FN:45,(anonymous_3)
FN:53,(anonymous_4)
FNF:3
FNH:0
FNDA:0,(anonymous_2)
FNDA:0,(anonymous_3)
FNDA:0,(anonymous_4)
DA:2,3
DA:3,3
DA:4,3
DA:5,3
DA:6,3
DA:19,3
DA:22,0
DA:24,0
DA:25,0
DA:32,0
DA:35,0
DA:38,0
DA:46,0
DA:54,0
LF:14
LH:6
BRDA:24,0,0,0
BRDA:24,0,1,0
BRF:2
BRH:0
end_of_record
TN:
SF:src/auth/auth.controller.ts
FN:19,(anonymous_4)
FN:38,(anonymous_5)
FN:58,(anonymous_6)
FN:77,(anonymous_7)
FN:95,(anonymous_8)
FN:114,(anonymous_9)
FN:134,(anonymous_10)
FNF:7
FNH:7
FNDA:32,(anonymous_4)
FNDA:14,(anonymous_5)
FNDA:21,(anonymous_6)
FNDA:6,(anonymous_7)
FNDA:5,(anonymous_8)
FNDA:8,(anonymous_9)
FNDA:11,(anonymous_10)
DA:1,1
DA:2,1
DA:3,1
DA:4,1
DA:18,1
DA:19,32
DA:38,1
DA:39,14
DA:58,1
DA:59,21
DA:77,1
DA:78,6
DA:95,1
DA:96,5
DA:114,1
DA:115,8
DA:134,1
DA:135,11
LF:18
LH:18
BRDA:38,0,0,1
BRDA:38,0,1,0
BRDA:38,1,0,1
BRDA:38,1,1,1
BRDA:38,2,0,1
BRDA:38,2,1,0
BRDA:38,3,0,1
BRDA:38,3,1,1
BRDA:58,4,0,1
BRDA:58,4,1,0
BRDA:58,5,0,1
BRDA:58,5,1,1
BRDA:58,6,0,1
BRDA:58,6,1,0
BRDA:58,7,0,1
BRDA:58,7,1,1
BRDA:77,8,0,1
BRDA:77,8,1,0
BRDA:77,9,0,1
BRDA:77,9,1,1
BRDA:77,10,0,1
BRDA:77,10,1,0
BRDA:77,11,0,1
BRDA:77,11,1,1
BRDA:95,12,0,1
BRDA:95,12,1,0
BRDA:95,13,0,1
BRDA:95,13,1,1
BRDA:114,14,0,1
BRDA:114,14,1,0
BRDA:114,15,0,1
BRDA:114,15,1,1
BRDA:114,16,0,1
BRDA:114,16,1,0
BRDA:114,17,0,1
BRDA:114,17,1,1
BRDA:134,18,0,1
BRDA:134,18,1,0
BRDA:134,19,0,1
BRDA:134,19,1,1
BRDA:134,20,0,1
BRDA:134,20,1,0
BRDA:134,21,0,1
BRDA:134,21,1,1
BRDA:19,22,0,1
BRDA:19,22,1,0
BRDA:19,23,0,1
BRDA:19,23,1,1
BRF:48
BRH:36
end_of_record
TN:
SF:src/auth/auth.dto.ts
FNF:0
FNH:0
DA:5,1
DA:11,1
DA:16,1
DA:27,1
DA:31,1
DA:35,1
LF:6
LH:6
BRF:0
BRH:0
end_of_record
TN:
SF:src/auth/auth.guard.ts
FNF:0
FNH:0
DA:1,1
DA:2,1
DA:11,1
LF:3
LH:3
BRF:0
BRH:0
end_of_record
TN:
SF:src/auth/auth.module.ts
FNF:0
FNH:0
DA:1,0
DA:2,0
DA:3,0
DA:4,0
DA:5,0
DA:6,0
DA:7,0
DA:34,0
LF:8
LH:0
BRDA:26,0,0,0
BRDA:26,0,1,0
BRF:2
BRH:0
end_of_record
TN:
SF:src/auth/auth.service.ts
FN:18,(anonymous_11)
FN:30,(anonymous_12)
FN:77,(anonymous_13)
FN:118,(anonymous_14)
FN:159,(anonymous_15)
FN:178,(anonymous_16)
FN:207,(anonymous_17)
FN:257,(anonymous_18)
FN:305,(anonymous_19)
FNF:9
FNH:9
FNDA:32,(anonymous_11)
FNDA:11,(anonymous_12)
FNDA:2,(anonymous_13)
FNDA:4,(anonymous_14)
FNDA:3,(anonymous_15)
FNDA:14,(anonymous_16)
FNDA:3,(anonymous_17)
FNDA:6,(anonymous_18)
FNDA:2,(anonymous_19)
DA:1,2
DA:2,2
DA:3,2
DA:5,2
DA:17,2
DA:19,32
DA:20,32
DA:31,11
DA:34,11
DA:38,11
DA:39,1
DA:43,10
DA:46,10
DA:56,10
DA:58,10
DA:78,2
DA:81,2
DA:85,2
DA:86,2
DA:90,0
DA:92,0
DA:93,0
DA:97,0
DA:99,0
DA:119,4
DA:121,4
DA:126,3
DA:130,3
DA:131,1
DA:135,2
DA:137,2
DA:148,2
DA:160,3
DA:161,3
DA:165,2
DA:183,14
DA:186,14
DA:192,14
DA:197,14
DA:208,3
DA:211,3
DA:215,3
DA:217,1
DA:223,2
DA:232,2
DA:234,2
DA:245,2
DA:258,6
DA:260,6
DA:262,6
DA:267,6
DA:271,6
DA:272,6
DA:276,0
DA:277,0
DA:281,0
DA:284,0
DA:293,0
DA:295,6
DA:306,2
LF:60
LH:50
BRDA:38,0,0,1
BRDA:38,0,1,10
BRDA:85,1,0,2
BRDA:85,1,1,0
BRDA:92,2,0,0
BRDA:92,2,1,0
BRDA:122,3,0,4
BRDA:122,3,1,0
BRDA:130,4,0,1
BRDA:130,4,1,2
BRDA:162,5,0,3
BRDA:162,5,1,0
BRDA:187,6,0,14
BRDA:187,6,1,0
BRDA:193,7,0,14
BRDA:193,7,1,0
BRDA:215,8,0,1
BRDA:215,8,1,2
BRDA:226,9,0,2
BRDA:226,9,1,0
BRDA:263,10,0,6
BRDA:263,10,1,0
BRDA:271,11,0,6
BRDA:271,11,1,0
BRDA:271,12,0,6
BRDA:271,12,1,5
BRDA:276,13,0,0
BRDA:276,13,1,0
BRDA:276,14,0,0
BRDA:276,14,1,0
BRDA:19,15,0,2
BRDA:19,15,1,0
BRDA:19,16,0,2
BRDA:19,16,1,2
BRDA:19,17,0,2
BRDA:19,17,1,0
BRDA:19,18,0,2
BRDA:19,18,1,2
BRF:38
BRH:22
end_of_record
TN:
SF:src/auth/jwt.strategy.ts
FN:13,(anonymous_2)
FN:27,(anonymous_3)
FNF:2
FNH:0
FNDA:0,(anonymous_2)
FNDA:0,(anonymous_3)
DA:1,0
DA:2,0
DA:3,0
DA:12,0
DA:14,0
DA:28,0
LF:6
LH:0
BRDA:17,0,0,0
BRDA:17,0,1,0
BRF:2
BRH:0
end_of_record
TN:
SF:src/auth/role.guard.ts
FN:11,(anonymous_2)
FN:13,(anonymous_3)
FNF:2
FNH:0
FNDA:0,(anonymous_2)
FNDA:0,(anonymous_3)
DA:1,0
DA:10,0
DA:11,0
DA:14,0
DA:15,0
DA:17,0
DA:18,0
DA:21,0
LF:8
LH:0
BRDA:17,0,0,0
BRDA:17,0,1,0
BRDA:17,1,0,0
BRDA:17,1,1,0
BRF:4
BRH:0
end_of_record
